running develop
running egg_info
creating demo_nodes_py.egg-info
writing demo_nodes_py.egg-info/PKG-INFO
writing dependency_links to demo_nodes_py.egg-info/dependency_links.txt
writing entry points to demo_nodes_py.egg-info/entry_points.txt
writing requirements to demo_nodes_py.egg-info/requires.txt
writing top-level names to demo_nodes_py.egg-info/top_level.txt
writing manifest file 'demo_nodes_py.egg-info/SOURCES.txt'
reading manifest file 'demo_nodes_py.egg-info/SOURCES.txt'
writing manifest file 'demo_nodes_py.egg-info/SOURCES.txt'
running build_ext
Creating /workspaces/ros-learn/install/demo_nodes_py/lib/python3.10/site-packages/demo-nodes-py.egg-link (link to .)
Installing add_two_ints_client script to /workspaces/ros-learn/install/demo_nodes_py/lib/demo_nodes_py
Installing add_two_ints_client_async script to /workspaces/ros-learn/install/demo_nodes_py/lib/demo_nodes_py
Installing add_two_ints_server script to /workspaces/ros-learn/install/demo_nodes_py/lib/demo_nodes_py
Installing listener script to /workspaces/ros-learn/install/demo_nodes_py/lib/demo_nodes_py
Installing listener_qos script to /workspaces/ros-learn/install/demo_nodes_py/lib/demo_nodes_py
Installing listener_serialized script to /workspaces/ros-learn/install/demo_nodes_py/lib/demo_nodes_py
Installing talker script to /workspaces/ros-learn/install/demo_nodes_py/lib/demo_nodes_py
Installing talker_qos script to /workspaces/ros-learn/install/demo_nodes_py/lib/demo_nodes_py

Installed /workspaces/ros-learn/build/demo_nodes_py
running symlink_data
creating /workspaces/ros-learn/install/demo_nodes_py/share/ament_index
creating /workspaces/ros-learn/install/demo_nodes_py/share/ament_index/resource_index
creating /workspaces/ros-learn/install/demo_nodes_py/share/ament_index/resource_index/packages
symbolically linking /workspaces/ros-learn/build/demo_nodes_py/resource/demo_nodes_py -> /workspaces/ros-learn/install/demo_nodes_py/share/ament_index/resource_index/packages
symbolically linking /workspaces/ros-learn/build/demo_nodes_py/package.xml -> /workspaces/ros-learn/install/demo_nodes_py/share/demo_nodes_py
