[0.577s] Invoking command in '/workspaces/ros-learn/build/demo_nodes_py': PYTHONPATH=/workspaces/ros-learn/build/demo_nodes_py/prefix_override:/usr/lib/python3/dist-packages/colcon_core/task/python/colcon_distutils_commands:/workspaces/ros-learn/install/demo_nodes_py/lib/python3.10/site-packages:${PYTHONPATH} /usr/bin/python3 -W ignore:setup.py install is deprecated -W ignore:easy_install command is deprecated setup.py develop --editable --build-directory /workspaces/ros-learn/build/demo_nodes_py/build --no-deps symlink_data
[0.785s] running develop
[0.904s] running egg_info
[0.904s] creating demo_nodes_py.egg-info
[0.904s] writing demo_nodes_py.egg-info/PKG-INFO
[0.904s] writing dependency_links to demo_nodes_py.egg-info/dependency_links.txt
[0.905s] writing entry points to demo_nodes_py.egg-info/entry_points.txt
[0.905s] writing requirements to demo_nodes_py.egg-info/requires.txt
[0.905s] writing top-level names to demo_nodes_py.egg-info/top_level.txt
[0.905s] writing manifest file 'demo_nodes_py.egg-info/SOURCES.txt'
[0.906s] reading manifest file 'demo_nodes_py.egg-info/SOURCES.txt'
[0.907s] writing manifest file 'demo_nodes_py.egg-info/SOURCES.txt'
[0.908s] running build_ext
[0.908s] Creating /workspaces/ros-learn/install/demo_nodes_py/lib/python3.10/site-packages/demo-nodes-py.egg-link (link to .)
[0.909s] Installing add_two_ints_client script to /workspaces/ros-learn/install/demo_nodes_py/lib/demo_nodes_py
[0.909s] Installing add_two_ints_client_async script to /workspaces/ros-learn/install/demo_nodes_py/lib/demo_nodes_py
[0.909s] Installing add_two_ints_server script to /workspaces/ros-learn/install/demo_nodes_py/lib/demo_nodes_py
[0.909s] Installing listener script to /workspaces/ros-learn/install/demo_nodes_py/lib/demo_nodes_py
[0.909s] Installing listener_qos script to /workspaces/ros-learn/install/demo_nodes_py/lib/demo_nodes_py
[0.909s] Installing listener_serialized script to /workspaces/ros-learn/install/demo_nodes_py/lib/demo_nodes_py
[0.909s] Installing talker script to /workspaces/ros-learn/install/demo_nodes_py/lib/demo_nodes_py
[0.909s] Installing talker_qos script to /workspaces/ros-learn/install/demo_nodes_py/lib/demo_nodes_py
[0.909s] 
[0.909s] Installed /workspaces/ros-learn/build/demo_nodes_py
[0.910s] running symlink_data
[0.910s] creating /workspaces/ros-learn/install/demo_nodes_py/share/ament_index
[0.910s] creating /workspaces/ros-learn/install/demo_nodes_py/share/ament_index/resource_index
[0.910s] creating /workspaces/ros-learn/install/demo_nodes_py/share/ament_index/resource_index/packages
[0.910s] symbolically linking /workspaces/ros-learn/build/demo_nodes_py/resource/demo_nodes_py -> /workspaces/ros-learn/install/demo_nodes_py/share/ament_index/resource_index/packages
[0.910s] symbolically linking /workspaces/ros-learn/build/demo_nodes_py/package.xml -> /workspaces/ros-learn/install/demo_nodes_py/share/demo_nodes_py
[0.931s] Invoked command in '/workspaces/ros-learn/build/demo_nodes_py' returned '0': PYTHONPATH=/workspaces/ros-learn/build/demo_nodes_py/prefix_override:/usr/lib/python3/dist-packages/colcon_core/task/python/colcon_distutils_commands:/workspaces/ros-learn/install/demo_nodes_py/lib/python3.10/site-packages:${PYTHONPATH} /usr/bin/python3 -W ignore:setup.py install is deprecated -W ignore:easy_install command is deprecated setup.py develop --editable --build-directory /workspaces/ros-learn/build/demo_nodes_py/build --no-deps symlink_data
