[0.497s] Invoking command in '/home/ros_user/ros2_ws/src/build/preface': PYTHONPATH=/home/ros_user/ros2_ws/src/build/preface/prefix_override:/usr/lib/python3/dist-packages/colcon_core/task/python/colcon_distutils_commands:/home/ros_user/ros2_ws/src/install/preface/lib/python3.10/site-packages:${PYTHONPATH} /usr/bin/python3 -W ignore:setup.py install is deprecated -W ignore:easy_install command is deprecated setup.py develop --editable --build-directory /home/ros_user/ros2_ws/src/build/preface/build --no-deps symlink_data
[0.699s] running develop
[0.814s] running egg_info
[0.814s] creating preface.egg-info
[0.815s] writing preface.egg-info/PKG-INFO
[0.815s] writing dependency_links to preface.egg-info/dependency_links.txt
[0.815s] writing entry points to preface.egg-info/entry_points.txt
[0.815s] writing requirements to preface.egg-info/requires.txt
[0.815s] writing top-level names to preface.egg-info/top_level.txt
[0.815s] writing manifest file 'preface.egg-info/SOURCES.txt'
[0.816s] reading manifest file 'preface.egg-info/SOURCES.txt'
[0.816s] writing manifest file 'preface.egg-info/SOURCES.txt'
[0.818s] running build_ext
[0.818s] Creating /home/ros_user/ros2_ws/src/install/preface/lib/python3.10/site-packages/preface.egg-link (link to .)
[0.818s] 
[0.818s] Installed /home/ros_user/ros2_ws/src/build/preface
[0.818s] running symlink_data
[0.819s] creating /home/ros_user/ros2_ws/src/install/preface/share/ament_index
[0.819s] creating /home/ros_user/ros2_ws/src/install/preface/share/ament_index/resource_index
[0.819s] creating /home/ros_user/ros2_ws/src/install/preface/share/ament_index/resource_index/packages
[0.819s] symbolically linking /home/ros_user/ros2_ws/src/build/preface/resource/preface -> /home/ros_user/ros2_ws/src/install/preface/share/ament_index/resource_index/packages
[0.819s] symbolically linking /home/ros_user/ros2_ws/src/build/preface/package.xml -> /home/ros_user/ros2_ws/src/install/preface/share/preface
[0.841s] Invoked command in '/home/ros_user/ros2_ws/src/build/preface' returned '0': PYTHONPATH=/home/ros_user/ros2_ws/src/build/preface/prefix_override:/usr/lib/python3/dist-packages/colcon_core/task/python/colcon_distutils_commands:/home/ros_user/ros2_ws/src/install/preface/lib/python3.10/site-packages:${PYTHONPATH} /usr/bin/python3 -W ignore:setup.py install is deprecated -W ignore:easy_install command is deprecated setup.py develop --editable --build-directory /home/ros_user/ros2_ws/src/build/preface/build --no-deps symlink_data
