[0.109s] DEBUG:colcon:Command line arguments: ['/usr/bin/colcon', 'build', '--symlink-install', '--packages-select', 'demo_nodes_py']
[0.109s] DEBUG:colcon:Parsed command line arguments: Namespace(log_base=None, log_level=None, verb_name='build', build_base='build', install_base='install', merge_install=False, symlink_install=True, test_result_base=None, continue_on_error=False, executor='parallel', parallel_workers=16, event_handlers=['desktop_notification-', 'status-'], ignore_user_meta=False, metas=['./colcon.meta'], base_paths=['.'], packages_ignore=None, packages_ignore_regex=None, paths=None, packages_up_to=None, packages_up_to_regex=None, packages_above=None, packages_above_and_dependencies=None, packages_above_depth=None, packages_select_by_dep=None, packages_skip_by_dep=None, packages_skip_up_to=None, packages_select_build_failed=False, packages_skip_build_finished=False, packages_select_test_failures=False, packages_skip_test_passed=False, packages_select=['demo_nodes_py'], packages_skip=None, packages_select_regex=None, packages_skip_regex=None, packages_start=None, packages_end=None, cmake_args=None, cmake_target=None, cmake_target_skip_unavailable=False, cmake_clean_cache=False, cmake_clean_first=False, cmake_force_configure=False, ament_cmake_args=None, catkin_cmake_args=None, catkin_skip_building_tests=False, mixin_files=None, mixin=None, verb_parser=<colcon_mixin.mixin.mixin_argument.MixinArgumentDecorator object at 0x70ab64b081f0>, verb_extension=<colcon_core.verb.build.BuildVerb object at 0x70ab64abfd00>, main=<bound method BuildVerb.main of <colcon_core.verb.build.BuildVerb object at 0x70ab64abfd00>>, mixin_verb=('build',))
[0.266s] Level 1:colcon.colcon_core.package_discovery:discover_packages(colcon_meta) check parameters
[0.266s] Level 1:colcon.colcon_core.package_discovery:discover_packages(recursive) check parameters
[0.266s] Level 1:colcon.colcon_core.package_discovery:discover_packages(ignore) check parameters
[0.266s] Level 1:colcon.colcon_core.package_discovery:discover_packages(path) check parameters
[0.266s] Level 1:colcon.colcon_core.package_discovery:discover_packages(colcon_meta) discover
[0.266s] Level 1:colcon.colcon_core.package_discovery:discover_packages(recursive) discover
[0.266s] INFO:colcon.colcon_core.package_discovery:Crawling recursively for packages in '/workspaces/ros-learn'
[0.266s] Level 1:colcon.colcon_core.package_identification:_identify(.) by extensions ['ignore', 'ignore_ament_install']
[0.267s] Level 1:colcon.colcon_core.package_identification:_identify(.) by extension 'ignore'
[0.267s] Level 1:colcon.colcon_core.package_identification:_identify(.) by extension 'ignore_ament_install'
[0.267s] Level 1:colcon.colcon_core.package_identification:_identify(.) by extensions ['colcon_pkg']
[0.267s] Level 1:colcon.colcon_core.package_identification:_identify(.) by extension 'colcon_pkg'
[0.267s] Level 1:colcon.colcon_core.package_identification:_identify(.) by extensions ['colcon_meta']
[0.267s] Level 1:colcon.colcon_core.package_identification:_identify(.) by extension 'colcon_meta'
[0.267s] Level 1:colcon.colcon_core.package_identification:_identify(.) by extensions ['ros']
[0.267s] Level 1:colcon.colcon_core.package_identification:_identify(.) by extension 'ros'
[0.275s] Level 1:colcon.colcon_core.package_identification:_identify(.) by extensions ['cmake', 'python']
[0.275s] Level 1:colcon.colcon_core.package_identification:_identify(.) by extension 'cmake'
[0.275s] Level 1:colcon.colcon_core.package_identification:_identify(.) by extension 'python'
[0.275s] Level 1:colcon.colcon_core.package_identification:_identify(.) by extensions ['python_setup_py']
[0.275s] Level 1:colcon.colcon_core.package_identification:_identify(.) by extension 'python_setup_py'
[0.275s] Level 1:colcon.colcon_core.package_identification:_identify(_build) by extensions ['ignore', 'ignore_ament_install']
[0.275s] Level 1:colcon.colcon_core.package_identification:_identify(_build) by extension 'ignore'
[0.275s] Level 1:colcon.colcon_core.package_identification:_identify(_build) by extension 'ignore_ament_install'
[0.275s] Level 1:colcon.colcon_core.package_identification:_identify(_build) by extensions ['colcon_pkg']
[0.275s] Level 1:colcon.colcon_core.package_identification:_identify(_build) by extension 'colcon_pkg'
[0.275s] Level 1:colcon.colcon_core.package_identification:_identify(_build) by extensions ['colcon_meta']
[0.275s] Level 1:colcon.colcon_core.package_identification:_identify(_build) by extension 'colcon_meta'
[0.275s] Level 1:colcon.colcon_core.package_identification:_identify(_build) by extensions ['ros']
[0.275s] Level 1:colcon.colcon_core.package_identification:_identify(_build) by extension 'ros'
[0.275s] Level 1:colcon.colcon_core.package_identification:_identify(_build) by extensions ['cmake', 'python']
[0.275s] Level 1:colcon.colcon_core.package_identification:_identify(_build) by extension 'cmake'
[0.275s] Level 1:colcon.colcon_core.package_identification:_identify(_build) by extension 'python'
[0.275s] Level 1:colcon.colcon_core.package_identification:_identify(_build) by extensions ['python_setup_py']
[0.275s] Level 1:colcon.colcon_core.package_identification:_identify(_build) by extension 'python_setup_py'
[0.276s] Level 1:colcon.colcon_core.package_identification:_identify(_build/html) by extensions ['ignore', 'ignore_ament_install']
[0.276s] Level 1:colcon.colcon_core.package_identification:_identify(_build/html) by extension 'ignore'
[0.276s] Level 1:colcon.colcon_core.package_identification:_identify(_build/html) by extension 'ignore_ament_install'
[0.276s] Level 1:colcon.colcon_core.package_identification:_identify(_build/html) by extensions ['colcon_pkg']
[0.276s] Level 1:colcon.colcon_core.package_identification:_identify(_build/html) by extension 'colcon_pkg'
[0.276s] Level 1:colcon.colcon_core.package_identification:_identify(_build/html) by extensions ['colcon_meta']
[0.276s] Level 1:colcon.colcon_core.package_identification:_identify(_build/html) by extension 'colcon_meta'
[0.276s] Level 1:colcon.colcon_core.package_identification:_identify(_build/html) by extensions ['ros']
[0.276s] Level 1:colcon.colcon_core.package_identification:_identify(_build/html) by extension 'ros'
[0.276s] Level 1:colcon.colcon_core.package_identification:_identify(_build/html) by extensions ['cmake', 'python']
[0.276s] Level 1:colcon.colcon_core.package_identification:_identify(_build/html) by extension 'cmake'
[0.276s] Level 1:colcon.colcon_core.package_identification:_identify(_build/html) by extension 'python'
[0.276s] Level 1:colcon.colcon_core.package_identification:_identify(_build/html) by extensions ['python_setup_py']
[0.276s] Level 1:colcon.colcon_core.package_identification:_identify(_build/html) by extension 'python_setup_py'
[0.276s] Level 1:colcon.colcon_core.package_identification:_identify(build) by extensions ['ignore', 'ignore_ament_install']
[0.276s] Level 1:colcon.colcon_core.package_identification:_identify(build) by extension 'ignore'
[0.276s] Level 1:colcon.colcon_core.package_identification:_identify(build) ignored
[0.276s] Level 1:colcon.colcon_core.package_identification:_identify(install) by extensions ['ignore', 'ignore_ament_install']
[0.276s] Level 1:colcon.colcon_core.package_identification:_identify(install) by extension 'ignore'
[0.276s] Level 1:colcon.colcon_core.package_identification:_identify(install) ignored
[0.276s] Level 1:colcon.colcon_core.package_identification:_identify(log) by extensions ['ignore', 'ignore_ament_install']
[0.277s] Level 1:colcon.colcon_core.package_identification:_identify(log) by extension 'ignore'
[0.277s] Level 1:colcon.colcon_core.package_identification:_identify(log) ignored
[0.277s] Level 1:colcon.colcon_core.package_identification:_identify(ros2_src) by extensions ['ignore', 'ignore_ament_install']
[0.277s] Level 1:colcon.colcon_core.package_identification:_identify(ros2_src) by extension 'ignore'
[0.277s] Level 1:colcon.colcon_core.package_identification:_identify(ros2_src) by extension 'ignore_ament_install'
[0.277s] Level 1:colcon.colcon_core.package_identification:_identify(ros2_src) by extensions ['colcon_pkg']
[0.277s] Level 1:colcon.colcon_core.package_identification:_identify(ros2_src) by extension 'colcon_pkg'
[0.277s] Level 1:colcon.colcon_core.package_identification:_identify(ros2_src) by extensions ['colcon_meta']
[0.277s] Level 1:colcon.colcon_core.package_identification:_identify(ros2_src) by extension 'colcon_meta'
[0.277s] Level 1:colcon.colcon_core.package_identification:_identify(ros2_src) by extensions ['ros']
[0.277s] Level 1:colcon.colcon_core.package_identification:_identify(ros2_src) by extension 'ros'
[0.277s] Level 1:colcon.colcon_core.package_identification:_identify(ros2_src) by extensions ['cmake', 'python']
[0.277s] Level 1:colcon.colcon_core.package_identification:_identify(ros2_src) by extension 'cmake'
[0.277s] Level 1:colcon.colcon_core.package_identification:_identify(ros2_src) by extension 'python'
[0.277s] Level 1:colcon.colcon_core.package_identification:_identify(ros2_src) by extensions ['python_setup_py']
[0.277s] Level 1:colcon.colcon_core.package_identification:_identify(ros2_src) by extension 'python_setup_py'
[0.277s] Level 1:colcon.colcon_core.package_identification:_identify(ros2_src/demos) by extensions ['ignore', 'ignore_ament_install']
[0.277s] Level 1:colcon.colcon_core.package_identification:_identify(ros2_src/demos) by extension 'ignore'
[0.277s] Level 1:colcon.colcon_core.package_identification:_identify(ros2_src/demos) by extension 'ignore_ament_install'
[0.277s] Level 1:colcon.colcon_core.package_identification:_identify(ros2_src/demos) by extensions ['colcon_pkg']
[0.278s] Level 1:colcon.colcon_core.package_identification:_identify(ros2_src/demos) by extension 'colcon_pkg'
[0.278s] Level 1:colcon.colcon_core.package_identification:_identify(ros2_src/demos) by extensions ['colcon_meta']
[0.278s] Level 1:colcon.colcon_core.package_identification:_identify(ros2_src/demos) by extension 'colcon_meta'
[0.278s] Level 1:colcon.colcon_core.package_identification:_identify(ros2_src/demos) by extensions ['ros']
[0.278s] Level 1:colcon.colcon_core.package_identification:_identify(ros2_src/demos) by extension 'ros'
[0.278s] Level 1:colcon.colcon_core.package_identification:_identify(ros2_src/demos) by extensions ['cmake', 'python']
[0.278s] Level 1:colcon.colcon_core.package_identification:_identify(ros2_src/demos) by extension 'cmake'
[0.278s] Level 1:colcon.colcon_core.package_identification:_identify(ros2_src/demos) by extension 'python'
[0.278s] Level 1:colcon.colcon_core.package_identification:_identify(ros2_src/demos) by extensions ['python_setup_py']
[0.278s] Level 1:colcon.colcon_core.package_identification:_identify(ros2_src/demos) by extension 'python_setup_py'
[0.278s] Level 1:colcon.colcon_core.package_identification:_identify(ros2_src/demos/action_tutorials) by extensions ['ignore', 'ignore_ament_install']
[0.278s] Level 1:colcon.colcon_core.package_identification:_identify(ros2_src/demos/action_tutorials) by extension 'ignore'
[0.278s] Level 1:colcon.colcon_core.package_identification:_identify(ros2_src/demos/action_tutorials) by extension 'ignore_ament_install'
[0.278s] Level 1:colcon.colcon_core.package_identification:_identify(ros2_src/demos/action_tutorials) by extensions ['colcon_pkg']
[0.278s] Level 1:colcon.colcon_core.package_identification:_identify(ros2_src/demos/action_tutorials) by extension 'colcon_pkg'
[0.278s] Level 1:colcon.colcon_core.package_identification:_identify(ros2_src/demos/action_tutorials) by extensions ['colcon_meta']
[0.278s] Level 1:colcon.colcon_core.package_identification:_identify(ros2_src/demos/action_tutorials) by extension 'colcon_meta'
[0.278s] Level 1:colcon.colcon_core.package_identification:_identify(ros2_src/demos/action_tutorials) by extensions ['ros']
[0.278s] Level 1:colcon.colcon_core.package_identification:_identify(ros2_src/demos/action_tutorials) by extension 'ros'
[0.278s] Level 1:colcon.colcon_core.package_identification:_identify(ros2_src/demos/action_tutorials) by extensions ['cmake', 'python']
[0.278s] Level 1:colcon.colcon_core.package_identification:_identify(ros2_src/demos/action_tutorials) by extension 'cmake'
[0.278s] Level 1:colcon.colcon_core.package_identification:_identify(ros2_src/demos/action_tutorials) by extension 'python'
[0.278s] Level 1:colcon.colcon_core.package_identification:_identify(ros2_src/demos/action_tutorials) by extensions ['python_setup_py']
[0.278s] Level 1:colcon.colcon_core.package_identification:_identify(ros2_src/demos/action_tutorials) by extension 'python_setup_py'
[0.279s] Level 1:colcon.colcon_core.package_identification:_identify(ros2_src/demos/action_tutorials/action_tutorials_cpp) by extensions ['ignore', 'ignore_ament_install']
[0.279s] Level 1:colcon.colcon_core.package_identification:_identify(ros2_src/demos/action_tutorials/action_tutorials_cpp) by extension 'ignore'
[0.279s] Level 1:colcon.colcon_core.package_identification:_identify(ros2_src/demos/action_tutorials/action_tutorials_cpp) by extension 'ignore_ament_install'
[0.279s] Level 1:colcon.colcon_core.package_identification:_identify(ros2_src/demos/action_tutorials/action_tutorials_cpp) by extensions ['colcon_pkg']
[0.279s] Level 1:colcon.colcon_core.package_identification:_identify(ros2_src/demos/action_tutorials/action_tutorials_cpp) by extension 'colcon_pkg'
[0.279s] Level 1:colcon.colcon_core.package_identification:_identify(ros2_src/demos/action_tutorials/action_tutorials_cpp) by extensions ['colcon_meta']
[0.279s] Level 1:colcon.colcon_core.package_identification:_identify(ros2_src/demos/action_tutorials/action_tutorials_cpp) by extension 'colcon_meta'
[0.279s] Level 1:colcon.colcon_core.package_identification:_identify(ros2_src/demos/action_tutorials/action_tutorials_cpp) by extensions ['ros']
[0.279s] Level 1:colcon.colcon_core.package_identification:_identify(ros2_src/demos/action_tutorials/action_tutorials_cpp) by extension 'ros'
[0.281s] DEBUG:colcon.colcon_core.package_identification:Package 'ros2_src/demos/action_tutorials/action_tutorials_cpp' with type 'ros.ament_cmake' and name 'action_tutorials_cpp'
[0.281s] Level 1:colcon.colcon_core.package_identification:_identify(ros2_src/demos/action_tutorials/action_tutorials_interfaces) by extensions ['ignore', 'ignore_ament_install']
[0.281s] Level 1:colcon.colcon_core.package_identification:_identify(ros2_src/demos/action_tutorials/action_tutorials_interfaces) by extension 'ignore'
[0.281s] Level 1:colcon.colcon_core.package_identification:_identify(ros2_src/demos/action_tutorials/action_tutorials_interfaces) by extension 'ignore_ament_install'
[0.281s] Level 1:colcon.colcon_core.package_identification:_identify(ros2_src/demos/action_tutorials/action_tutorials_interfaces) by extensions ['colcon_pkg']
[0.281s] Level 1:colcon.colcon_core.package_identification:_identify(ros2_src/demos/action_tutorials/action_tutorials_interfaces) by extension 'colcon_pkg'
[0.281s] Level 1:colcon.colcon_core.package_identification:_identify(ros2_src/demos/action_tutorials/action_tutorials_interfaces) by extensions ['colcon_meta']
[0.281s] Level 1:colcon.colcon_core.package_identification:_identify(ros2_src/demos/action_tutorials/action_tutorials_interfaces) by extension 'colcon_meta'
[0.281s] Level 1:colcon.colcon_core.package_identification:_identify(ros2_src/demos/action_tutorials/action_tutorials_interfaces) by extensions ['ros']
[0.281s] Level 1:colcon.colcon_core.package_identification:_identify(ros2_src/demos/action_tutorials/action_tutorials_interfaces) by extension 'ros'
[0.282s] DEBUG:colcon.colcon_core.package_identification:Package 'ros2_src/demos/action_tutorials/action_tutorials_interfaces' with type 'ros.ament_cmake' and name 'action_tutorials_interfaces'
[0.282s] Level 1:colcon.colcon_core.package_identification:_identify(ros2_src/demos/action_tutorials/action_tutorials_py) by extensions ['ignore', 'ignore_ament_install']
[0.282s] Level 1:colcon.colcon_core.package_identification:_identify(ros2_src/demos/action_tutorials/action_tutorials_py) by extension 'ignore'
[0.282s] Level 1:colcon.colcon_core.package_identification:_identify(ros2_src/demos/action_tutorials/action_tutorials_py) by extension 'ignore_ament_install'
[0.282s] Level 1:colcon.colcon_core.package_identification:_identify(ros2_src/demos/action_tutorials/action_tutorials_py) by extensions ['colcon_pkg']
[0.282s] Level 1:colcon.colcon_core.package_identification:_identify(ros2_src/demos/action_tutorials/action_tutorials_py) by extension 'colcon_pkg'
[0.282s] Level 1:colcon.colcon_core.package_identification:_identify(ros2_src/demos/action_tutorials/action_tutorials_py) by extensions ['colcon_meta']
[0.282s] Level 1:colcon.colcon_core.package_identification:_identify(ros2_src/demos/action_tutorials/action_tutorials_py) by extension 'colcon_meta'
[0.282s] Level 1:colcon.colcon_core.package_identification:_identify(ros2_src/demos/action_tutorials/action_tutorials_py) by extensions ['ros']
[0.282s] Level 1:colcon.colcon_core.package_identification:_identify(ros2_src/demos/action_tutorials/action_tutorials_py) by extension 'ros'
[0.282s] DEBUG:colcon.colcon_core.package_identification:Package 'ros2_src/demos/action_tutorials/action_tutorials_py' with type 'ros.ament_python' and name 'action_tutorials_py'
[0.283s] Level 1:colcon.colcon_core.package_identification:_identify(ros2_src/demos/composition) by extensions ['ignore', 'ignore_ament_install']
[0.283s] Level 1:colcon.colcon_core.package_identification:_identify(ros2_src/demos/composition) by extension 'ignore'
[0.283s] Level 1:colcon.colcon_core.package_identification:_identify(ros2_src/demos/composition) by extension 'ignore_ament_install'
[0.283s] Level 1:colcon.colcon_core.package_identification:_identify(ros2_src/demos/composition) by extensions ['colcon_pkg']
[0.283s] Level 1:colcon.colcon_core.package_identification:_identify(ros2_src/demos/composition) by extension 'colcon_pkg'
[0.283s] Level 1:colcon.colcon_core.package_identification:_identify(ros2_src/demos/composition) by extensions ['colcon_meta']
[0.283s] Level 1:colcon.colcon_core.package_identification:_identify(ros2_src/demos/composition) by extension 'colcon_meta'
[0.283s] Level 1:colcon.colcon_core.package_identification:_identify(ros2_src/demos/composition) by extensions ['ros']
[0.283s] Level 1:colcon.colcon_core.package_identification:_identify(ros2_src/demos/composition) by extension 'ros'
[0.283s] DEBUG:colcon.colcon_core.package_identification:Package 'ros2_src/demos/composition' with type 'ros.ament_cmake' and name 'composition'
[0.284s] Level 1:colcon.colcon_core.package_identification:_identify(ros2_src/demos/demo_nodes_cpp) by extensions ['ignore', 'ignore_ament_install']
[0.284s] Level 1:colcon.colcon_core.package_identification:_identify(ros2_src/demos/demo_nodes_cpp) by extension 'ignore'
[0.284s] Level 1:colcon.colcon_core.package_identification:_identify(ros2_src/demos/demo_nodes_cpp) by extension 'ignore_ament_install'
[0.284s] Level 1:colcon.colcon_core.package_identification:_identify(ros2_src/demos/demo_nodes_cpp) by extensions ['colcon_pkg']
[0.284s] Level 1:colcon.colcon_core.package_identification:_identify(ros2_src/demos/demo_nodes_cpp) by extension 'colcon_pkg'
[0.284s] Level 1:colcon.colcon_core.package_identification:_identify(ros2_src/demos/demo_nodes_cpp) by extensions ['colcon_meta']
[0.284s] Level 1:colcon.colcon_core.package_identification:_identify(ros2_src/demos/demo_nodes_cpp) by extension 'colcon_meta'
[0.284s] Level 1:colcon.colcon_core.package_identification:_identify(ros2_src/demos/demo_nodes_cpp) by extensions ['ros']
[0.284s] Level 1:colcon.colcon_core.package_identification:_identify(ros2_src/demos/demo_nodes_cpp) by extension 'ros'
[0.284s] DEBUG:colcon.colcon_core.package_identification:Package 'ros2_src/demos/demo_nodes_cpp' with type 'ros.ament_cmake' and name 'demo_nodes_cpp'
[0.285s] Level 1:colcon.colcon_core.package_identification:_identify(ros2_src/demos/demo_nodes_cpp_native) by extensions ['ignore', 'ignore_ament_install']
[0.285s] Level 1:colcon.colcon_core.package_identification:_identify(ros2_src/demos/demo_nodes_cpp_native) by extension 'ignore'
[0.285s] Level 1:colcon.colcon_core.package_identification:_identify(ros2_src/demos/demo_nodes_cpp_native) by extension 'ignore_ament_install'
[0.285s] Level 1:colcon.colcon_core.package_identification:_identify(ros2_src/demos/demo_nodes_cpp_native) by extensions ['colcon_pkg']
[0.285s] Level 1:colcon.colcon_core.package_identification:_identify(ros2_src/demos/demo_nodes_cpp_native) by extension 'colcon_pkg'
[0.285s] Level 1:colcon.colcon_core.package_identification:_identify(ros2_src/demos/demo_nodes_cpp_native) by extensions ['colcon_meta']
[0.285s] Level 1:colcon.colcon_core.package_identification:_identify(ros2_src/demos/demo_nodes_cpp_native) by extension 'colcon_meta'
[0.285s] Level 1:colcon.colcon_core.package_identification:_identify(ros2_src/demos/demo_nodes_cpp_native) by extensions ['ros']
[0.285s] Level 1:colcon.colcon_core.package_identification:_identify(ros2_src/demos/demo_nodes_cpp_native) by extension 'ros'
[0.286s] DEBUG:colcon.colcon_core.package_identification:Package 'ros2_src/demos/demo_nodes_cpp_native' with type 'ros.ament_cmake' and name 'demo_nodes_cpp_native'
[0.286s] Level 1:colcon.colcon_core.package_identification:_identify(ros2_src/demos/demo_nodes_py) by extensions ['ignore', 'ignore_ament_install']
[0.286s] Level 1:colcon.colcon_core.package_identification:_identify(ros2_src/demos/demo_nodes_py) by extension 'ignore'
[0.286s] Level 1:colcon.colcon_core.package_identification:_identify(ros2_src/demos/demo_nodes_py) by extension 'ignore_ament_install'
[0.286s] Level 1:colcon.colcon_core.package_identification:_identify(ros2_src/demos/demo_nodes_py) by extensions ['colcon_pkg']
[0.286s] Level 1:colcon.colcon_core.package_identification:_identify(ros2_src/demos/demo_nodes_py) by extension 'colcon_pkg'
[0.286s] Level 1:colcon.colcon_core.package_identification:_identify(ros2_src/demos/demo_nodes_py) by extensions ['colcon_meta']
[0.286s] Level 1:colcon.colcon_core.package_identification:_identify(ros2_src/demos/demo_nodes_py) by extension 'colcon_meta'
[0.286s] Level 1:colcon.colcon_core.package_identification:_identify(ros2_src/demos/demo_nodes_py) by extensions ['ros']
[0.286s] Level 1:colcon.colcon_core.package_identification:_identify(ros2_src/demos/demo_nodes_py) by extension 'ros'
[0.286s] DEBUG:colcon.colcon_core.package_identification:Package 'ros2_src/demos/demo_nodes_py' with type 'ros.ament_python' and name 'demo_nodes_py'
[0.287s] Level 1:colcon.colcon_core.package_identification:_identify(ros2_src/demos/dummy_robot) by extensions ['ignore', 'ignore_ament_install']
[0.287s] Level 1:colcon.colcon_core.package_identification:_identify(ros2_src/demos/dummy_robot) by extension 'ignore'
[0.287s] Level 1:colcon.colcon_core.package_identification:_identify(ros2_src/demos/dummy_robot) by extension 'ignore_ament_install'
[0.287s] Level 1:colcon.colcon_core.package_identification:_identify(ros2_src/demos/dummy_robot) by extensions ['colcon_pkg']
[0.287s] Level 1:colcon.colcon_core.package_identification:_identify(ros2_src/demos/dummy_robot) by extension 'colcon_pkg'
[0.287s] Level 1:colcon.colcon_core.package_identification:_identify(ros2_src/demos/dummy_robot) by extensions ['colcon_meta']
[0.287s] Level 1:colcon.colcon_core.package_identification:_identify(ros2_src/demos/dummy_robot) by extension 'colcon_meta'
[0.287s] Level 1:colcon.colcon_core.package_identification:_identify(ros2_src/demos/dummy_robot) by extensions ['ros']
[0.287s] Level 1:colcon.colcon_core.package_identification:_identify(ros2_src/demos/dummy_robot) by extension 'ros'
[0.287s] Level 1:colcon.colcon_core.package_identification:_identify(ros2_src/demos/dummy_robot) by extensions ['cmake', 'python']
[0.287s] Level 1:colcon.colcon_core.package_identification:_identify(ros2_src/demos/dummy_robot) by extension 'cmake'
[0.287s] Level 1:colcon.colcon_core.package_identification:_identify(ros2_src/demos/dummy_robot) by extension 'python'
[0.287s] Level 1:colcon.colcon_core.package_identification:_identify(ros2_src/demos/dummy_robot) by extensions ['python_setup_py']
[0.287s] Level 1:colcon.colcon_core.package_identification:_identify(ros2_src/demos/dummy_robot) by extension 'python_setup_py'
[0.287s] Level 1:colcon.colcon_core.package_identification:_identify(ros2_src/demos/dummy_robot/dummy_map_server) by extensions ['ignore', 'ignore_ament_install']
[0.287s] Level 1:colcon.colcon_core.package_identification:_identify(ros2_src/demos/dummy_robot/dummy_map_server) by extension 'ignore'
[0.287s] Level 1:colcon.colcon_core.package_identification:_identify(ros2_src/demos/dummy_robot/dummy_map_server) by extension 'ignore_ament_install'
[0.287s] Level 1:colcon.colcon_core.package_identification:_identify(ros2_src/demos/dummy_robot/dummy_map_server) by extensions ['colcon_pkg']
[0.287s] Level 1:colcon.colcon_core.package_identification:_identify(ros2_src/demos/dummy_robot/dummy_map_server) by extension 'colcon_pkg'
[0.287s] Level 1:colcon.colcon_core.package_identification:_identify(ros2_src/demos/dummy_robot/dummy_map_server) by extensions ['colcon_meta']
[0.287s] Level 1:colcon.colcon_core.package_identification:_identify(ros2_src/demos/dummy_robot/dummy_map_server) by extension 'colcon_meta'
[0.287s] Level 1:colcon.colcon_core.package_identification:_identify(ros2_src/demos/dummy_robot/dummy_map_server) by extensions ['ros']
[0.287s] Level 1:colcon.colcon_core.package_identification:_identify(ros2_src/demos/dummy_robot/dummy_map_server) by extension 'ros'
[0.288s] DEBUG:colcon.colcon_core.package_identification:Package 'ros2_src/demos/dummy_robot/dummy_map_server' with type 'ros.ament_cmake' and name 'dummy_map_server'
[0.288s] Level 1:colcon.colcon_core.package_identification:_identify(ros2_src/demos/dummy_robot/dummy_robot_bringup) by extensions ['ignore', 'ignore_ament_install']
[0.288s] Level 1:colcon.colcon_core.package_identification:_identify(ros2_src/demos/dummy_robot/dummy_robot_bringup) by extension 'ignore'
[0.288s] Level 1:colcon.colcon_core.package_identification:_identify(ros2_src/demos/dummy_robot/dummy_robot_bringup) by extension 'ignore_ament_install'
[0.288s] Level 1:colcon.colcon_core.package_identification:_identify(ros2_src/demos/dummy_robot/dummy_robot_bringup) by extensions ['colcon_pkg']
[0.288s] Level 1:colcon.colcon_core.package_identification:_identify(ros2_src/demos/dummy_robot/dummy_robot_bringup) by extension 'colcon_pkg'
[0.288s] Level 1:colcon.colcon_core.package_identification:_identify(ros2_src/demos/dummy_robot/dummy_robot_bringup) by extensions ['colcon_meta']
[0.288s] Level 1:colcon.colcon_core.package_identification:_identify(ros2_src/demos/dummy_robot/dummy_robot_bringup) by extension 'colcon_meta'
[0.288s] Level 1:colcon.colcon_core.package_identification:_identify(ros2_src/demos/dummy_robot/dummy_robot_bringup) by extensions ['ros']
[0.288s] Level 1:colcon.colcon_core.package_identification:_identify(ros2_src/demos/dummy_robot/dummy_robot_bringup) by extension 'ros'
[0.289s] DEBUG:colcon.colcon_core.package_identification:Package 'ros2_src/demos/dummy_robot/dummy_robot_bringup' with type 'ros.ament_cmake' and name 'dummy_robot_bringup'
[0.289s] Level 1:colcon.colcon_core.package_identification:_identify(ros2_src/demos/dummy_robot/dummy_sensors) by extensions ['ignore', 'ignore_ament_install']
[0.289s] Level 1:colcon.colcon_core.package_identification:_identify(ros2_src/demos/dummy_robot/dummy_sensors) by extension 'ignore'
[0.289s] Level 1:colcon.colcon_core.package_identification:_identify(ros2_src/demos/dummy_robot/dummy_sensors) by extension 'ignore_ament_install'
[0.289s] Level 1:colcon.colcon_core.package_identification:_identify(ros2_src/demos/dummy_robot/dummy_sensors) by extensions ['colcon_pkg']
[0.289s] Level 1:colcon.colcon_core.package_identification:_identify(ros2_src/demos/dummy_robot/dummy_sensors) by extension 'colcon_pkg'
[0.289s] Level 1:colcon.colcon_core.package_identification:_identify(ros2_src/demos/dummy_robot/dummy_sensors) by extensions ['colcon_meta']
[0.289s] Level 1:colcon.colcon_core.package_identification:_identify(ros2_src/demos/dummy_robot/dummy_sensors) by extension 'colcon_meta'
[0.289s] Level 1:colcon.colcon_core.package_identification:_identify(ros2_src/demos/dummy_robot/dummy_sensors) by extensions ['ros']
[0.289s] Level 1:colcon.colcon_core.package_identification:_identify(ros2_src/demos/dummy_robot/dummy_sensors) by extension 'ros'
[0.290s] DEBUG:colcon.colcon_core.package_identification:Package 'ros2_src/demos/dummy_robot/dummy_sensors' with type 'ros.ament_cmake' and name 'dummy_sensors'
[0.290s] Level 1:colcon.colcon_core.package_identification:_identify(ros2_src/demos/image_tools) by extensions ['ignore', 'ignore_ament_install']
[0.290s] Level 1:colcon.colcon_core.package_identification:_identify(ros2_src/demos/image_tools) by extension 'ignore'
[0.290s] Level 1:colcon.colcon_core.package_identification:_identify(ros2_src/demos/image_tools) by extension 'ignore_ament_install'
[0.290s] Level 1:colcon.colcon_core.package_identification:_identify(ros2_src/demos/image_tools) by extensions ['colcon_pkg']
[0.290s] Level 1:colcon.colcon_core.package_identification:_identify(ros2_src/demos/image_tools) by extension 'colcon_pkg'
[0.290s] Level 1:colcon.colcon_core.package_identification:_identify(ros2_src/demos/image_tools) by extensions ['colcon_meta']
[0.290s] Level 1:colcon.colcon_core.package_identification:_identify(ros2_src/demos/image_tools) by extension 'colcon_meta'
[0.290s] Level 1:colcon.colcon_core.package_identification:_identify(ros2_src/demos/image_tools) by extensions ['ros']
[0.290s] Level 1:colcon.colcon_core.package_identification:_identify(ros2_src/demos/image_tools) by extension 'ros'
[0.291s] DEBUG:colcon.colcon_core.package_identification:Package 'ros2_src/demos/image_tools' with type 'ros.ament_cmake' and name 'image_tools'
[0.291s] Level 1:colcon.colcon_core.package_identification:_identify(ros2_src/demos/intra_process_demo) by extensions ['ignore', 'ignore_ament_install']
[0.291s] Level 1:colcon.colcon_core.package_identification:_identify(ros2_src/demos/intra_process_demo) by extension 'ignore'
[0.291s] Level 1:colcon.colcon_core.package_identification:_identify(ros2_src/demos/intra_process_demo) by extension 'ignore_ament_install'
[0.291s] Level 1:colcon.colcon_core.package_identification:_identify(ros2_src/demos/intra_process_demo) by extensions ['colcon_pkg']
[0.291s] Level 1:colcon.colcon_core.package_identification:_identify(ros2_src/demos/intra_process_demo) by extension 'colcon_pkg'
[0.291s] Level 1:colcon.colcon_core.package_identification:_identify(ros2_src/demos/intra_process_demo) by extensions ['colcon_meta']
[0.291s] Level 1:colcon.colcon_core.package_identification:_identify(ros2_src/demos/intra_process_demo) by extension 'colcon_meta'
[0.291s] Level 1:colcon.colcon_core.package_identification:_identify(ros2_src/demos/intra_process_demo) by extensions ['ros']
[0.291s] Level 1:colcon.colcon_core.package_identification:_identify(ros2_src/demos/intra_process_demo) by extension 'ros'
[0.292s] DEBUG:colcon.colcon_core.package_identification:Package 'ros2_src/demos/intra_process_demo' with type 'ros.ament_cmake' and name 'intra_process_demo'
[0.292s] Level 1:colcon.colcon_core.package_identification:_identify(ros2_src/demos/lifecycle) by extensions ['ignore', 'ignore_ament_install']
[0.292s] Level 1:colcon.colcon_core.package_identification:_identify(ros2_src/demos/lifecycle) by extension 'ignore'
[0.292s] Level 1:colcon.colcon_core.package_identification:_identify(ros2_src/demos/lifecycle) by extension 'ignore_ament_install'
[0.292s] Level 1:colcon.colcon_core.package_identification:_identify(ros2_src/demos/lifecycle) by extensions ['colcon_pkg']
[0.292s] Level 1:colcon.colcon_core.package_identification:_identify(ros2_src/demos/lifecycle) by extension 'colcon_pkg'
[0.292s] Level 1:colcon.colcon_core.package_identification:_identify(ros2_src/demos/lifecycle) by extensions ['colcon_meta']
[0.292s] Level 1:colcon.colcon_core.package_identification:_identify(ros2_src/demos/lifecycle) by extension 'colcon_meta'
[0.292s] Level 1:colcon.colcon_core.package_identification:_identify(ros2_src/demos/lifecycle) by extensions ['ros']
[0.292s] Level 1:colcon.colcon_core.package_identification:_identify(ros2_src/demos/lifecycle) by extension 'ros'
[0.292s] DEBUG:colcon.colcon_core.package_identification:Package 'ros2_src/demos/lifecycle' with type 'ros.ament_cmake' and name 'lifecycle'
[0.293s] Level 1:colcon.colcon_core.package_identification:_identify(ros2_src/demos/lifecycle_py) by extensions ['ignore', 'ignore_ament_install']
[0.293s] Level 1:colcon.colcon_core.package_identification:_identify(ros2_src/demos/lifecycle_py) by extension 'ignore'
[0.293s] Level 1:colcon.colcon_core.package_identification:_identify(ros2_src/demos/lifecycle_py) by extension 'ignore_ament_install'
[0.293s] Level 1:colcon.colcon_core.package_identification:_identify(ros2_src/demos/lifecycle_py) by extensions ['colcon_pkg']
[0.293s] Level 1:colcon.colcon_core.package_identification:_identify(ros2_src/demos/lifecycle_py) by extension 'colcon_pkg'
[0.293s] Level 1:colcon.colcon_core.package_identification:_identify(ros2_src/demos/lifecycle_py) by extensions ['colcon_meta']
[0.293s] Level 1:colcon.colcon_core.package_identification:_identify(ros2_src/demos/lifecycle_py) by extension 'colcon_meta'
[0.293s] Level 1:colcon.colcon_core.package_identification:_identify(ros2_src/demos/lifecycle_py) by extensions ['ros']
[0.293s] Level 1:colcon.colcon_core.package_identification:_identify(ros2_src/demos/lifecycle_py) by extension 'ros'
[0.293s] DEBUG:colcon.colcon_core.package_identification:Package 'ros2_src/demos/lifecycle_py' with type 'ros.ament_python' and name 'lifecycle_py'
[0.293s] Level 1:colcon.colcon_core.package_identification:_identify(ros2_src/demos/logging_demo) by extensions ['ignore', 'ignore_ament_install']
[0.294s] Level 1:colcon.colcon_core.package_identification:_identify(ros2_src/demos/logging_demo) by extension 'ignore'
[0.294s] Level 1:colcon.colcon_core.package_identification:_identify(ros2_src/demos/logging_demo) by extension 'ignore_ament_install'
[0.294s] Level 1:colcon.colcon_core.package_identification:_identify(ros2_src/demos/logging_demo) by extensions ['colcon_pkg']
[0.294s] Level 1:colcon.colcon_core.package_identification:_identify(ros2_src/demos/logging_demo) by extension 'colcon_pkg'
[0.294s] Level 1:colcon.colcon_core.package_identification:_identify(ros2_src/demos/logging_demo) by extensions ['colcon_meta']
[0.294s] Level 1:colcon.colcon_core.package_identification:_identify(ros2_src/demos/logging_demo) by extension 'colcon_meta'
[0.294s] Level 1:colcon.colcon_core.package_identification:_identify(ros2_src/demos/logging_demo) by extensions ['ros']
[0.294s] Level 1:colcon.colcon_core.package_identification:_identify(ros2_src/demos/logging_demo) by extension 'ros'
[0.294s] DEBUG:colcon.colcon_core.package_identification:Package 'ros2_src/demos/logging_demo' with type 'ros.ament_cmake' and name 'logging_demo'
[0.294s] Level 1:colcon.colcon_core.package_identification:_identify(ros2_src/demos/pendulum_control) by extensions ['ignore', 'ignore_ament_install']
[0.295s] Level 1:colcon.colcon_core.package_identification:_identify(ros2_src/demos/pendulum_control) by extension 'ignore'
[0.295s] Level 1:colcon.colcon_core.package_identification:_identify(ros2_src/demos/pendulum_control) by extension 'ignore_ament_install'
[0.295s] Level 1:colcon.colcon_core.package_identification:_identify(ros2_src/demos/pendulum_control) by extensions ['colcon_pkg']
[0.295s] Level 1:colcon.colcon_core.package_identification:_identify(ros2_src/demos/pendulum_control) by extension 'colcon_pkg'
[0.295s] Level 1:colcon.colcon_core.package_identification:_identify(ros2_src/demos/pendulum_control) by extensions ['colcon_meta']
[0.295s] Level 1:colcon.colcon_core.package_identification:_identify(ros2_src/demos/pendulum_control) by extension 'colcon_meta'
[0.295s] Level 1:colcon.colcon_core.package_identification:_identify(ros2_src/demos/pendulum_control) by extensions ['ros']
[0.295s] Level 1:colcon.colcon_core.package_identification:_identify(ros2_src/demos/pendulum_control) by extension 'ros'
[0.295s] DEBUG:colcon.colcon_core.package_identification:Package 'ros2_src/demos/pendulum_control' with type 'ros.ament_cmake' and name 'pendulum_control'
[0.295s] Level 1:colcon.colcon_core.package_identification:_identify(ros2_src/demos/pendulum_msgs) by extensions ['ignore', 'ignore_ament_install']
[0.295s] Level 1:colcon.colcon_core.package_identification:_identify(ros2_src/demos/pendulum_msgs) by extension 'ignore'
[0.295s] Level 1:colcon.colcon_core.package_identification:_identify(ros2_src/demos/pendulum_msgs) by extension 'ignore_ament_install'
[0.296s] Level 1:colcon.colcon_core.package_identification:_identify(ros2_src/demos/pendulum_msgs) by extensions ['colcon_pkg']
[0.296s] Level 1:colcon.colcon_core.package_identification:_identify(ros2_src/demos/pendulum_msgs) by extension 'colcon_pkg'
[0.296s] Level 1:colcon.colcon_core.package_identification:_identify(ros2_src/demos/pendulum_msgs) by extensions ['colcon_meta']
[0.296s] Level 1:colcon.colcon_core.package_identification:_identify(ros2_src/demos/pendulum_msgs) by extension 'colcon_meta'
[0.296s] Level 1:colcon.colcon_core.package_identification:_identify(ros2_src/demos/pendulum_msgs) by extensions ['ros']
[0.296s] Level 1:colcon.colcon_core.package_identification:_identify(ros2_src/demos/pendulum_msgs) by extension 'ros'
[0.296s] DEBUG:colcon.colcon_core.package_identification:Package 'ros2_src/demos/pendulum_msgs' with type 'ros.ament_cmake' and name 'pendulum_msgs'
[0.296s] Level 1:colcon.colcon_core.package_identification:_identify(ros2_src/demos/quality_of_service_demo) by extensions ['ignore', 'ignore_ament_install']
[0.296s] Level 1:colcon.colcon_core.package_identification:_identify(ros2_src/demos/quality_of_service_demo) by extension 'ignore'
[0.296s] Level 1:colcon.colcon_core.package_identification:_identify(ros2_src/demos/quality_of_service_demo) by extension 'ignore_ament_install'
[0.296s] Level 1:colcon.colcon_core.package_identification:_identify(ros2_src/demos/quality_of_service_demo) by extensions ['colcon_pkg']
[0.296s] Level 1:colcon.colcon_core.package_identification:_identify(ros2_src/demos/quality_of_service_demo) by extension 'colcon_pkg'
[0.296s] Level 1:colcon.colcon_core.package_identification:_identify(ros2_src/demos/quality_of_service_demo) by extensions ['colcon_meta']
[0.296s] Level 1:colcon.colcon_core.package_identification:_identify(ros2_src/demos/quality_of_service_demo) by extension 'colcon_meta'
[0.297s] Level 1:colcon.colcon_core.package_identification:_identify(ros2_src/demos/quality_of_service_demo) by extensions ['ros']
[0.297s] Level 1:colcon.colcon_core.package_identification:_identify(ros2_src/demos/quality_of_service_demo) by extension 'ros'
[0.297s] Level 1:colcon.colcon_core.package_identification:_identify(ros2_src/demos/quality_of_service_demo) by extensions ['cmake', 'python']
[0.297s] Level 1:colcon.colcon_core.package_identification:_identify(ros2_src/demos/quality_of_service_demo) by extension 'cmake'
[0.297s] Level 1:colcon.colcon_core.package_identification:_identify(ros2_src/demos/quality_of_service_demo) by extension 'python'
[0.297s] Level 1:colcon.colcon_core.package_identification:_identify(ros2_src/demos/quality_of_service_demo) by extensions ['python_setup_py']
[0.297s] Level 1:colcon.colcon_core.package_identification:_identify(ros2_src/demos/quality_of_service_demo) by extension 'python_setup_py'
[0.297s] Level 1:colcon.colcon_core.package_identification:_identify(ros2_src/demos/quality_of_service_demo/rclcpp) by extensions ['ignore', 'ignore_ament_install']
[0.297s] Level 1:colcon.colcon_core.package_identification:_identify(ros2_src/demos/quality_of_service_demo/rclcpp) by extension 'ignore'
[0.297s] Level 1:colcon.colcon_core.package_identification:_identify(ros2_src/demos/quality_of_service_demo/rclcpp) by extension 'ignore_ament_install'
[0.297s] Level 1:colcon.colcon_core.package_identification:_identify(ros2_src/demos/quality_of_service_demo/rclcpp) by extensions ['colcon_pkg']
[0.297s] Level 1:colcon.colcon_core.package_identification:_identify(ros2_src/demos/quality_of_service_demo/rclcpp) by extension 'colcon_pkg'
[0.297s] Level 1:colcon.colcon_core.package_identification:_identify(ros2_src/demos/quality_of_service_demo/rclcpp) by extensions ['colcon_meta']
[0.297s] Level 1:colcon.colcon_core.package_identification:_identify(ros2_src/demos/quality_of_service_demo/rclcpp) by extension 'colcon_meta'
[0.297s] Level 1:colcon.colcon_core.package_identification:_identify(ros2_src/demos/quality_of_service_demo/rclcpp) by extensions ['ros']
[0.297s] Level 1:colcon.colcon_core.package_identification:_identify(ros2_src/demos/quality_of_service_demo/rclcpp) by extension 'ros'
[0.298s] DEBUG:colcon.colcon_core.package_identification:Package 'ros2_src/demos/quality_of_service_demo/rclcpp' with type 'ros.ament_cmake' and name 'quality_of_service_demo_cpp'
[0.298s] Level 1:colcon.colcon_core.package_identification:_identify(ros2_src/demos/quality_of_service_demo/rclpy) by extensions ['ignore', 'ignore_ament_install']
[0.298s] Level 1:colcon.colcon_core.package_identification:_identify(ros2_src/demos/quality_of_service_demo/rclpy) by extension 'ignore'
[0.298s] Level 1:colcon.colcon_core.package_identification:_identify(ros2_src/demos/quality_of_service_demo/rclpy) by extension 'ignore_ament_install'
[0.298s] Level 1:colcon.colcon_core.package_identification:_identify(ros2_src/demos/quality_of_service_demo/rclpy) by extensions ['colcon_pkg']
[0.298s] Level 1:colcon.colcon_core.package_identification:_identify(ros2_src/demos/quality_of_service_demo/rclpy) by extension 'colcon_pkg'
[0.298s] Level 1:colcon.colcon_core.package_identification:_identify(ros2_src/demos/quality_of_service_demo/rclpy) by extensions ['colcon_meta']
[0.298s] Level 1:colcon.colcon_core.package_identification:_identify(ros2_src/demos/quality_of_service_demo/rclpy) by extension 'colcon_meta'
[0.298s] Level 1:colcon.colcon_core.package_identification:_identify(ros2_src/demos/quality_of_service_demo/rclpy) by extensions ['ros']
[0.298s] Level 1:colcon.colcon_core.package_identification:_identify(ros2_src/demos/quality_of_service_demo/rclpy) by extension 'ros'
[0.299s] DEBUG:colcon.colcon_core.package_identification:Package 'ros2_src/demos/quality_of_service_demo/rclpy' with type 'ros.ament_python' and name 'quality_of_service_demo_py'
[0.299s] Level 1:colcon.colcon_core.package_identification:_identify(ros2_src/demos/topic_monitor) by extensions ['ignore', 'ignore_ament_install']
[0.299s] Level 1:colcon.colcon_core.package_identification:_identify(ros2_src/demos/topic_monitor) by extension 'ignore'
[0.299s] Level 1:colcon.colcon_core.package_identification:_identify(ros2_src/demos/topic_monitor) by extension 'ignore_ament_install'
[0.299s] Level 1:colcon.colcon_core.package_identification:_identify(ros2_src/demos/topic_monitor) by extensions ['colcon_pkg']
[0.299s] Level 1:colcon.colcon_core.package_identification:_identify(ros2_src/demos/topic_monitor) by extension 'colcon_pkg'
[0.299s] Level 1:colcon.colcon_core.package_identification:_identify(ros2_src/demos/topic_monitor) by extensions ['colcon_meta']
[0.299s] Level 1:colcon.colcon_core.package_identification:_identify(ros2_src/demos/topic_monitor) by extension 'colcon_meta'
[0.299s] Level 1:colcon.colcon_core.package_identification:_identify(ros2_src/demos/topic_monitor) by extensions ['ros']
[0.299s] Level 1:colcon.colcon_core.package_identification:_identify(ros2_src/demos/topic_monitor) by extension 'ros'
[0.299s] DEBUG:colcon.colcon_core.package_identification:Package 'ros2_src/demos/topic_monitor' with type 'ros.ament_python' and name 'topic_monitor'
[0.300s] Level 1:colcon.colcon_core.package_identification:_identify(ros2_src/demos/topic_statistics_demo) by extensions ['ignore', 'ignore_ament_install']
[0.300s] Level 1:colcon.colcon_core.package_identification:_identify(ros2_src/demos/topic_statistics_demo) by extension 'ignore'
[0.300s] Level 1:colcon.colcon_core.package_identification:_identify(ros2_src/demos/topic_statistics_demo) by extension 'ignore_ament_install'
[0.300s] Level 1:colcon.colcon_core.package_identification:_identify(ros2_src/demos/topic_statistics_demo) by extensions ['colcon_pkg']
[0.300s] Level 1:colcon.colcon_core.package_identification:_identify(ros2_src/demos/topic_statistics_demo) by extension 'colcon_pkg'
[0.300s] Level 1:colcon.colcon_core.package_identification:_identify(ros2_src/demos/topic_statistics_demo) by extensions ['colcon_meta']
[0.300s] Level 1:colcon.colcon_core.package_identification:_identify(ros2_src/demos/topic_statistics_demo) by extension 'colcon_meta'
[0.300s] Level 1:colcon.colcon_core.package_identification:_identify(ros2_src/demos/topic_statistics_demo) by extensions ['ros']
[0.300s] Level 1:colcon.colcon_core.package_identification:_identify(ros2_src/demos/topic_statistics_demo) by extension 'ros'
[0.300s] DEBUG:colcon.colcon_core.package_identification:Package 'ros2_src/demos/topic_statistics_demo' with type 'ros.ament_cmake' and name 'topic_statistics_demo'
[0.300s] Level 1:colcon.colcon_core.package_discovery:discover_packages(recursive) using defaults
[0.300s] Level 1:colcon.colcon_core.package_discovery:discover_packages(ignore) discover
[0.300s] Level 1:colcon.colcon_core.package_discovery:discover_packages(ignore) using defaults
[0.300s] Level 1:colcon.colcon_core.package_discovery:discover_packages(path) discover
[0.300s] Level 1:colcon.colcon_core.package_discovery:discover_packages(path) using defaults
[0.329s] INFO:colcon.colcon_core.package_selection:Skipping not selected package 'action_tutorials_interfaces' in 'ros2_src/demos/action_tutorials/action_tutorials_interfaces'
[0.329s] INFO:colcon.colcon_core.package_selection:Skipping not selected package 'composition' in 'ros2_src/demos/composition'
[0.329s] INFO:colcon.colcon_core.package_selection:Skipping not selected package 'demo_nodes_cpp' in 'ros2_src/demos/demo_nodes_cpp'
[0.329s] INFO:colcon.colcon_core.package_selection:Skipping not selected package 'demo_nodes_cpp_native' in 'ros2_src/demos/demo_nodes_cpp_native'
[0.329s] INFO:colcon.colcon_core.package_selection:Skipping not selected package 'dummy_map_server' in 'ros2_src/demos/dummy_robot/dummy_map_server'
[0.329s] INFO:colcon.colcon_core.package_selection:Skipping not selected package 'dummy_sensors' in 'ros2_src/demos/dummy_robot/dummy_sensors'
[0.329s] INFO:colcon.colcon_core.package_selection:Skipping not selected package 'image_tools' in 'ros2_src/demos/image_tools'
[0.329s] INFO:colcon.colcon_core.package_selection:Skipping not selected package 'intra_process_demo' in 'ros2_src/demos/intra_process_demo'
[0.329s] INFO:colcon.colcon_core.package_selection:Skipping not selected package 'lifecycle' in 'ros2_src/demos/lifecycle'
[0.329s] INFO:colcon.colcon_core.package_selection:Skipping not selected package 'logging_demo' in 'ros2_src/demos/logging_demo'
[0.329s] INFO:colcon.colcon_core.package_selection:Skipping not selected package 'pendulum_msgs' in 'ros2_src/demos/pendulum_msgs'
[0.329s] INFO:colcon.colcon_core.package_selection:Skipping not selected package 'quality_of_service_demo_cpp' in 'ros2_src/demos/quality_of_service_demo/rclcpp'
[0.329s] INFO:colcon.colcon_core.package_selection:Skipping not selected package 'quality_of_service_demo_py' in 'ros2_src/demos/quality_of_service_demo/rclpy'
[0.329s] INFO:colcon.colcon_core.package_selection:Skipping not selected package 'topic_monitor' in 'ros2_src/demos/topic_monitor'
[0.329s] INFO:colcon.colcon_core.package_selection:Skipping not selected package 'topic_statistics_demo' in 'ros2_src/demos/topic_statistics_demo'
[0.329s] INFO:colcon.colcon_core.package_selection:Skipping not selected package 'action_tutorials_cpp' in 'ros2_src/demos/action_tutorials/action_tutorials_cpp'
[0.329s] INFO:colcon.colcon_core.package_selection:Skipping not selected package 'action_tutorials_py' in 'ros2_src/demos/action_tutorials/action_tutorials_py'
[0.329s] INFO:colcon.colcon_core.package_selection:Skipping not selected package 'dummy_robot_bringup' in 'ros2_src/demos/dummy_robot/dummy_robot_bringup'
[0.329s] INFO:colcon.colcon_core.package_selection:Skipping not selected package 'lifecycle_py' in 'ros2_src/demos/lifecycle_py'
[0.329s] INFO:colcon.colcon_core.package_selection:Skipping not selected package 'pendulum_control' in 'ros2_src/demos/pendulum_control'
[0.329s] Level 5:colcon.colcon_core.verb:set package 'demo_nodes_py' build argument 'cmake_args' from command line to 'None'
[0.329s] Level 5:colcon.colcon_core.verb:set package 'demo_nodes_py' build argument 'cmake_target' from command line to 'None'
[0.329s] Level 5:colcon.colcon_core.verb:set package 'demo_nodes_py' build argument 'cmake_target_skip_unavailable' from command line to 'False'
[0.330s] Level 5:colcon.colcon_core.verb:set package 'demo_nodes_py' build argument 'cmake_clean_cache' from command line to 'False'
[0.330s] Level 5:colcon.colcon_core.verb:set package 'demo_nodes_py' build argument 'cmake_clean_first' from command line to 'False'
[0.330s] Level 5:colcon.colcon_core.verb:set package 'demo_nodes_py' build argument 'cmake_force_configure' from command line to 'False'
[0.330s] Level 5:colcon.colcon_core.verb:set package 'demo_nodes_py' build argument 'ament_cmake_args' from command line to 'None'
[0.330s] Level 5:colcon.colcon_core.verb:set package 'demo_nodes_py' build argument 'catkin_cmake_args' from command line to 'None'
[0.330s] Level 5:colcon.colcon_core.verb:set package 'demo_nodes_py' build argument 'catkin_skip_building_tests' from command line to 'False'
[0.330s] DEBUG:colcon.colcon_core.verb:Building package 'demo_nodes_py' with the following arguments: {'ament_cmake_args': None, 'build_base': '/workspaces/ros-learn/build/demo_nodes_py', 'catkin_cmake_args': None, 'catkin_skip_building_tests': False, 'cmake_args': None, 'cmake_clean_cache': False, 'cmake_clean_first': False, 'cmake_force_configure': False, 'cmake_target': None, 'cmake_target_skip_unavailable': False, 'install_base': '/workspaces/ros-learn/install/demo_nodes_py', 'merge_install': False, 'path': '/workspaces/ros-learn/ros2_src/demos/demo_nodes_py', 'symlink_install': True, 'test_result_base': None}
[0.330s] INFO:colcon.colcon_core.executor:Executing jobs using 'parallel' executor
[0.331s] DEBUG:colcon.colcon_parallel_executor.executor.parallel:run_until_complete
[0.331s] INFO:colcon.colcon_ros.task.ament_python.build:Building ROS package in '/workspaces/ros-learn/ros2_src/demos/demo_nodes_py' with build type 'ament_python'
[0.331s] Level 1:colcon.colcon_core.shell:create_environment_hook('demo_nodes_py', 'ament_prefix_path')
[0.334s] INFO:colcon.colcon_core.plugin_system:Skipping extension 'colcon_core.shell.bat': Not used on non-Windows systems
[0.335s] INFO:colcon.colcon_core.shell:Creating environment hook '/workspaces/ros-learn/install/demo_nodes_py/share/demo_nodes_py/hook/ament_prefix_path.ps1'
[0.335s] INFO:colcon.colcon_core.shell:Creating environment descriptor '/workspaces/ros-learn/install/demo_nodes_py/share/demo_nodes_py/hook/ament_prefix_path.dsv'
[0.335s] INFO:colcon.colcon_core.shell:Creating environment hook '/workspaces/ros-learn/install/demo_nodes_py/share/demo_nodes_py/hook/ament_prefix_path.sh'
[0.336s] INFO:colcon.colcon_core.shell:Skip shell extension 'powershell' for command environment: Not usable outside of PowerShell
[0.336s] DEBUG:colcon.colcon_core.shell:Skip shell extension 'dsv' for command environment
[0.554s] INFO:colcon.colcon_core.task.python.build:Building Python package in '/workspaces/ros-learn/ros2_src/demos/demo_nodes_py'
[0.555s] INFO:colcon.colcon_core.shell:Skip shell extension 'powershell' for command environment: Not usable outside of PowerShell
[0.555s] DEBUG:colcon.colcon_core.shell:Skip shell extension 'dsv' for command environment
[0.908s] DEBUG:colcon.colcon_core.event_handler.log_command:Invoking command in '/workspaces/ros-learn/build/demo_nodes_py': PYTHONPATH=/workspaces/ros-learn/build/demo_nodes_py/prefix_override:/usr/lib/python3/dist-packages/colcon_core/task/python/colcon_distutils_commands:/workspaces/ros-learn/install/demo_nodes_py/lib/python3.10/site-packages:${PYTHONPATH} /usr/bin/python3 -W ignore:setup.py install is deprecated -W ignore:easy_install command is deprecated setup.py develop --editable --build-directory /workspaces/ros-learn/build/demo_nodes_py/build --no-deps symlink_data
[1.262s] Level 1:colcon.colcon_core.shell:create_environment_hook('demo_nodes_py', 'pythonpath_develop')
[1.263s] DEBUG:colcon.colcon_core.event_handler.log_command:Invoked command in '/workspaces/ros-learn/build/demo_nodes_py' returned '0': PYTHONPATH=/workspaces/ros-learn/build/demo_nodes_py/prefix_override:/usr/lib/python3/dist-packages/colcon_core/task/python/colcon_distutils_commands:/workspaces/ros-learn/install/demo_nodes_py/lib/python3.10/site-packages:${PYTHONPATH} /usr/bin/python3 -W ignore:setup.py install is deprecated -W ignore:easy_install command is deprecated setup.py develop --editable --build-directory /workspaces/ros-learn/build/demo_nodes_py/build --no-deps symlink_data
[1.263s] INFO:colcon.colcon_core.shell:Creating environment hook '/workspaces/ros-learn/build/demo_nodes_py/share/demo_nodes_py/hook/pythonpath_develop.ps1'
[1.263s] INFO:colcon.colcon_core.shell:Creating environment descriptor '/workspaces/ros-learn/build/demo_nodes_py/share/demo_nodes_py/hook/pythonpath_develop.dsv'
[1.264s] INFO:colcon.colcon_core.shell:Creating environment hook '/workspaces/ros-learn/build/demo_nodes_py/share/demo_nodes_py/hook/pythonpath_develop.sh'
[1.268s] Level 1:colcon.colcon_core.environment:checking '/workspaces/ros-learn/install/demo_nodes_py' for CMake module files
[1.268s] Level 1:colcon.colcon_core.environment:checking '/workspaces/ros-learn/install/demo_nodes_py' for CMake config files
[1.269s] Level 1:colcon.colcon_core.environment:checking '/workspaces/ros-learn/install/demo_nodes_py/lib'
[1.269s] Level 1:colcon.colcon_core.environment:checking '/workspaces/ros-learn/install/demo_nodes_py/bin'
[1.269s] Level 1:colcon.colcon_core.environment:checking '/workspaces/ros-learn/install/demo_nodes_py/lib/pkgconfig/demo_nodes_py.pc'
[1.269s] Level 1:colcon.colcon_core.environment:checking '/workspaces/ros-learn/install/demo_nodes_py/lib/python3.10/site-packages'
[1.269s] Level 1:colcon.colcon_core.shell:create_environment_hook('demo_nodes_py', 'pythonpath')
[1.269s] INFO:colcon.colcon_core.shell:Creating environment hook '/workspaces/ros-learn/install/demo_nodes_py/share/demo_nodes_py/hook/pythonpath.ps1'
[1.269s] INFO:colcon.colcon_core.shell:Creating environment descriptor '/workspaces/ros-learn/install/demo_nodes_py/share/demo_nodes_py/hook/pythonpath.dsv'
[1.270s] INFO:colcon.colcon_core.shell:Creating environment hook '/workspaces/ros-learn/install/demo_nodes_py/share/demo_nodes_py/hook/pythonpath.sh'
[1.270s] Level 1:colcon.colcon_core.environment:checking '/workspaces/ros-learn/install/demo_nodes_py/bin'
[1.270s] Level 1:colcon.colcon_core.environment:create_environment_scripts_only(demo_nodes_py)
[1.270s] INFO:colcon.colcon_core.shell:Creating package script '/workspaces/ros-learn/install/demo_nodes_py/share/demo_nodes_py/package.ps1'
[1.271s] INFO:colcon.colcon_core.shell:Creating package descriptor '/workspaces/ros-learn/install/demo_nodes_py/share/demo_nodes_py/package.dsv'
[1.272s] INFO:colcon.colcon_core.shell:Creating package script '/workspaces/ros-learn/install/demo_nodes_py/share/demo_nodes_py/package.sh'
[1.272s] INFO:colcon.colcon_core.shell:Creating package script '/workspaces/ros-learn/install/demo_nodes_py/share/demo_nodes_py/package.bash'
[1.273s] INFO:colcon.colcon_core.shell:Creating package script '/workspaces/ros-learn/install/demo_nodes_py/share/demo_nodes_py/package.zsh'
[1.274s] Level 1:colcon.colcon_core.environment:create_file_with_runtime_dependencies(/workspaces/ros-learn/install/demo_nodes_py/share/colcon-core/packages/demo_nodes_py)
[1.274s] DEBUG:colcon.colcon_parallel_executor.executor.parallel:closing loop
[1.274s] DEBUG:colcon.colcon_parallel_executor.executor.parallel:loop closed
[1.274s] DEBUG:colcon.colcon_parallel_executor.executor.parallel:run_until_complete finished with '0'
[1.274s] DEBUG:colcon.colcon_core.event_reactor:joining thread
[1.274s] DEBUG:colcon.colcon_core.event_reactor:joined thread
[1.275s] INFO:colcon.colcon_core.shell:Creating prefix script '/workspaces/ros-learn/install/local_setup.ps1'
[1.276s] INFO:colcon.colcon_core.shell:Creating prefix util module '/workspaces/ros-learn/install/_local_setup_util_ps1.py'
[1.277s] INFO:colcon.colcon_core.shell:Creating prefix chain script '/workspaces/ros-learn/install/setup.ps1'
[1.278s] INFO:colcon.colcon_core.shell:Creating prefix script '/workspaces/ros-learn/install/local_setup.sh'
[1.279s] INFO:colcon.colcon_core.shell:Creating prefix util module '/workspaces/ros-learn/install/_local_setup_util_sh.py'
[1.279s] INFO:colcon.colcon_core.shell:Creating prefix chain script '/workspaces/ros-learn/install/setup.sh'
[1.280s] INFO:colcon.colcon_core.shell:Creating prefix script '/workspaces/ros-learn/install/local_setup.bash'
[1.281s] INFO:colcon.colcon_core.shell:Creating prefix chain script '/workspaces/ros-learn/install/setup.bash'
[1.282s] INFO:colcon.colcon_core.shell:Creating prefix script '/workspaces/ros-learn/install/local_setup.zsh'
[1.283s] INFO:colcon.colcon_core.shell:Creating prefix chain script '/workspaces/ros-learn/install/setup.zsh'
